2018-11-10 22:04:12.582 [sparrow_0] WARN  HeartBeatServerHandler.userEventTriggered(HeartBeatServerHandler.java:33) - heartbeat timeout. lossCount 1
2018-11-10 22:04:21.100 [clientGroup_0] ERROR TriggerHandler.exceptionCaught(TriggerHandler.java:30) - happen unknow exception. 
java.util.NoSuchElementException: TriggerEvent
	at io.netty.channel.DefaultChannelPipeline.getContextOrDie(DefaultChannelPipeline.java:1099) ~[netty-all-4.1.22.Final.jar:4.1.22.Final]
	at io.netty.channel.DefaultChannelPipeline.addBefore(DefaultChannelPipeline.java:260) ~[netty-all-4.1.22.Final.jar:4.1.22.Final]
	at io.netty.channel.DefaultChannelPipeline.addBefore(DefaultChannelPipeline.java:249) ~[netty-all-4.1.22.Final.jar:4.1.22.Final]
	at com.anla.client.event.TriggerEvent$1.trigger0(TriggerEvent.java:23) ~[classes/:?]
	at com.anla.client.event.TriggerEvent.trigger(TriggerEvent.java:73) ~[classes/:?]
	at com.anla.client.handler.TriggerHandler.userEventTriggered(TriggerHandler.java:22) ~[classes/:?]
	at io.netty.channel.AbstractChannelHandlerContext.invokeUserEventTriggered(AbstractChannelHandlerContext.java:329) [netty-all-4.1.22.Final.jar:4.1.22.Final]
	at io.netty.channel.AbstractChannelHandlerContext.invokeUserEventTriggered(AbstractChannelHandlerContext.java:315) [netty-all-4.1.22.Final.jar:4.1.22.Final]
	at io.netty.channel.AbstractChannelHandlerContext.fireUserEventTriggered(AbstractChannelHandlerContext.java:307) [netty-all-4.1.22.Final.jar:4.1.22.Final]
	at com.anla.client.handler.ClientInitHandler.channelActive(ClientInitHandler.java:20) [classes/:?]
	at io.netty.channel.AbstractChannelHandlerContext.invokeChannelActive(AbstractChannelHandlerContext.java:213) [netty-all-4.1.22.Final.jar:4.1.22.Final]
	at io.netty.channel.AbstractChannelHandlerContext.invokeChannelActive(AbstractChannelHandlerContext.java:199) [netty-all-4.1.22.Final.jar:4.1.22.Final]
	at io.netty.channel.AbstractChannelHandlerContext.fireChannelActive(AbstractChannelHandlerContext.java:192) [netty-all-4.1.22.Final.jar:4.1.22.Final]
	at io.netty.channel.ChannelInboundHandlerAdapter.channelActive(ChannelInboundHandlerAdapter.java:64) [netty-all-4.1.22.Final.jar:4.1.22.Final]
	at io.netty.channel.AbstractChannelHandlerContext.invokeChannelActive(AbstractChannelHandlerContext.java:213) [netty-all-4.1.22.Final.jar:4.1.22.Final]
	at io.netty.channel.AbstractChannelHandlerContext.invokeChannelActive(AbstractChannelHandlerContext.java:199) [netty-all-4.1.22.Final.jar:4.1.22.Final]
	at io.netty.channel.AbstractChannelHandlerContext.fireChannelActive(AbstractChannelHandlerContext.java:192) [netty-all-4.1.22.Final.jar:4.1.22.Final]
	at io.netty.channel.DefaultChannelPipeline$HeadContext.channelActive(DefaultChannelPipeline.java:1402) [netty-all-4.1.22.Final.jar:4.1.22.Final]
	at io.netty.channel.AbstractChannelHandlerContext.invokeChannelActive(AbstractChannelHandlerContext.java:213) [netty-all-4.1.22.Final.jar:4.1.22.Final]
	at io.netty.channel.AbstractChannelHandlerContext.invokeChannelActive(AbstractChannelHandlerContext.java:199) [netty-all-4.1.22.Final.jar:4.1.22.Final]
	at io.netty.channel.DefaultChannelPipeline.fireChannelActive(DefaultChannelPipeline.java:921) [netty-all-4.1.22.Final.jar:4.1.22.Final]
	at io.netty.channel.nio.AbstractNioChannel$AbstractNioUnsafe.fulfillConnectPromise(AbstractNioChannel.java:311) [netty-all-4.1.22.Final.jar:4.1.22.Final]
	at io.netty.channel.nio.AbstractNioChannel$AbstractNioUnsafe.finishConnect(AbstractNioChannel.java:341) [netty-all-4.1.22.Final.jar:4.1.22.Final]
	at io.netty.channel.nio.NioEventLoop.processSelectedKey(NioEventLoop.java:633) [netty-all-4.1.22.Final.jar:4.1.22.Final]
	at io.netty.channel.nio.NioEventLoop.processSelectedKeysOptimized(NioEventLoop.java:580) [netty-all-4.1.22.Final.jar:4.1.22.Final]
	at io.netty.channel.nio.NioEventLoop.processSelectedKeys(NioEventLoop.java:497) [netty-all-4.1.22.Final.jar:4.1.22.Final]
	at io.netty.channel.nio.NioEventLoop.run(NioEventLoop.java:459) [netty-all-4.1.22.Final.jar:4.1.22.Final]
	at io.netty.util.concurrent.SingleThreadEventExecutor$5.run(SingleThreadEventExecutor.java:886) [netty-all-4.1.22.Final.jar:4.1.22.Final]
	at java.lang.Thread.run(Thread.java:748) [?:1.8.0_162]
2018-11-10 22:04:26.298 [sparrow_0] WARN  HeartBeatServerHandler.userEventTriggered(HeartBeatServerHandler.java:33) - heartbeat timeout. lossCount 2
2018-11-10 22:04:31.303 [sparrow_0] WARN  HeartBeatServerHandler.userEventTriggered(HeartBeatServerHandler.java:33) - heartbeat timeout. lossCount 3
2018-11-10 22:04:36.308 [sparrow_0] WARN  HeartBeatServerHandler.userEventTriggered(HeartBeatServerHandler.java:33) - heartbeat timeout. lossCount 4
2018-11-10 22:04:41.313 [sparrow_0] WARN  HeartBeatServerHandler.userEventTriggered(HeartBeatServerHandler.java:33) - heartbeat timeout. lossCount 5
2018-11-10 22:04:46.318 [sparrow_0] WARN  HeartBeatServerHandler.userEventTriggered(HeartBeatServerHandler.java:33) - heartbeat timeout. lossCount 6
2018-11-10 22:04:46.320 [sparrow_0] ERROR HeartBeatServerHandler.userEventTriggered(HeartBeatServerHandler.java:29) - heartbeat timeout. close channel /127.0.0.1:52234
2018-11-10 22:05:46.576 [sparrow_1] WARN  HeartBeatServerHandler.userEventTriggered(HeartBeatServerHandler.java:33) - heartbeat timeout. lossCount 1
2018-11-10 22:05:48.660 [clientGroup_0] ERROR TriggerHandler.exceptionCaught(TriggerHandler.java:30) - happen unknow exception. 
java.util.NoSuchElementException: TriggerEvent
	at io.netty.channel.DefaultChannelPipeline.getContextOrDie(DefaultChannelPipeline.java:1099) ~[netty-all-4.1.22.Final.jar:4.1.22.Final]
	at io.netty.channel.DefaultChannelPipeline.addBefore(DefaultChannelPipeline.java:260) ~[netty-all-4.1.22.Final.jar:4.1.22.Final]
	at io.netty.channel.DefaultChannelPipeline.addBefore(DefaultChannelPipeline.java:249) ~[netty-all-4.1.22.Final.jar:4.1.22.Final]
	at com.anla.client.event.TriggerEvent$1.trigger0(TriggerEvent.java:23) ~[classes/:?]
	at com.anla.client.event.TriggerEvent.trigger(TriggerEvent.java:73) ~[classes/:?]
	at com.anla.client.handler.TriggerHandler.userEventTriggered(TriggerHandler.java:22) ~[classes/:?]
	at io.netty.channel.AbstractChannelHandlerContext.invokeUserEventTriggered(AbstractChannelHandlerContext.java:329) [netty-all-4.1.22.Final.jar:4.1.22.Final]
	at io.netty.channel.AbstractChannelHandlerContext.invokeUserEventTriggered(AbstractChannelHandlerContext.java:315) [netty-all-4.1.22.Final.jar:4.1.22.Final]
	at io.netty.channel.AbstractChannelHandlerContext.fireUserEventTriggered(AbstractChannelHandlerContext.java:307) [netty-all-4.1.22.Final.jar:4.1.22.Final]
	at com.anla.client.handler.ClientInitHandler.channelActive(ClientInitHandler.java:20) [classes/:?]
	at io.netty.channel.AbstractChannelHandlerContext.invokeChannelActive(AbstractChannelHandlerContext.java:213) [netty-all-4.1.22.Final.jar:4.1.22.Final]
	at io.netty.channel.AbstractChannelHandlerContext.invokeChannelActive(AbstractChannelHandlerContext.java:199) [netty-all-4.1.22.Final.jar:4.1.22.Final]
	at io.netty.channel.AbstractChannelHandlerContext.fireChannelActive(AbstractChannelHandlerContext.java:192) [netty-all-4.1.22.Final.jar:4.1.22.Final]
	at io.netty.channel.ChannelInboundHandlerAdapter.channelActive(ChannelInboundHandlerAdapter.java:64) [netty-all-4.1.22.Final.jar:4.1.22.Final]
	at io.netty.channel.AbstractChannelHandlerContext.invokeChannelActive(AbstractChannelHandlerContext.java:213) [netty-all-4.1.22.Final.jar:4.1.22.Final]
	at io.netty.channel.AbstractChannelHandlerContext.invokeChannelActive(AbstractChannelHandlerContext.java:199) [netty-all-4.1.22.Final.jar:4.1.22.Final]
	at io.netty.channel.AbstractChannelHandlerContext.fireChannelActive(AbstractChannelHandlerContext.java:192) [netty-all-4.1.22.Final.jar:4.1.22.Final]
	at io.netty.channel.DefaultChannelPipeline$HeadContext.channelActive(DefaultChannelPipeline.java:1402) [netty-all-4.1.22.Final.jar:4.1.22.Final]
	at io.netty.channel.AbstractChannelHandlerContext.invokeChannelActive(AbstractChannelHandlerContext.java:213) [netty-all-4.1.22.Final.jar:4.1.22.Final]
	at io.netty.channel.AbstractChannelHandlerContext.invokeChannelActive(AbstractChannelHandlerContext.java:199) [netty-all-4.1.22.Final.jar:4.1.22.Final]
	at io.netty.channel.DefaultChannelPipeline.fireChannelActive(DefaultChannelPipeline.java:921) [netty-all-4.1.22.Final.jar:4.1.22.Final]
	at io.netty.channel.nio.AbstractNioChannel$AbstractNioUnsafe.fulfillConnectPromise(AbstractNioChannel.java:311) [netty-all-4.1.22.Final.jar:4.1.22.Final]
	at io.netty.channel.nio.AbstractNioChannel$AbstractNioUnsafe.finishConnect(AbstractNioChannel.java:341) [netty-all-4.1.22.Final.jar:4.1.22.Final]
	at io.netty.channel.nio.NioEventLoop.processSelectedKey(NioEventLoop.java:633) [netty-all-4.1.22.Final.jar:4.1.22.Final]
	at io.netty.channel.nio.NioEventLoop.processSelectedKeysOptimized(NioEventLoop.java:580) [netty-all-4.1.22.Final.jar:4.1.22.Final]
	at io.netty.channel.nio.NioEventLoop.processSelectedKeys(NioEventLoop.java:497) [netty-all-4.1.22.Final.jar:4.1.22.Final]
	at io.netty.channel.nio.NioEventLoop.run(NioEventLoop.java:459) [netty-all-4.1.22.Final.jar:4.1.22.Final]
	at io.netty.util.concurrent.SingleThreadEventExecutor$5.run(SingleThreadEventExecutor.java:886) [netty-all-4.1.22.Final.jar:4.1.22.Final]
	at java.lang.Thread.run(Thread.java:748) [?:1.8.0_162]
2018-11-10 22:06:06.964 [sparrow_0] WARN  HeartBeatServerHandler.userEventTriggered(HeartBeatServerHandler.java:33) - heartbeat timeout. lossCount 1
2018-11-10 22:06:22.829 [clientGroup_0] ERROR TriggerHandler.exceptionCaught(TriggerHandler.java:30) - happen unknow exception. 
java.util.NoSuchElementException: TriggerEvent
	at io.netty.channel.DefaultChannelPipeline.getContextOrDie(DefaultChannelPipeline.java:1099) ~[netty-all-4.1.22.Final.jar:4.1.22.Final]
	at io.netty.channel.DefaultChannelPipeline.addBefore(DefaultChannelPipeline.java:260) ~[netty-all-4.1.22.Final.jar:4.1.22.Final]
	at io.netty.channel.DefaultChannelPipeline.addBefore(DefaultChannelPipeline.java:249) ~[netty-all-4.1.22.Final.jar:4.1.22.Final]
	at com.anla.client.event.TriggerEvent$1.trigger0(TriggerEvent.java:23) ~[classes/:?]
	at com.anla.client.event.TriggerEvent.trigger(TriggerEvent.java:73) ~[classes/:?]
	at com.anla.client.handler.TriggerHandler.userEventTriggered(TriggerHandler.java:22) ~[classes/:?]
	at io.netty.channel.AbstractChannelHandlerContext.invokeUserEventTriggered(AbstractChannelHandlerContext.java:329) [netty-all-4.1.22.Final.jar:4.1.22.Final]
	at io.netty.channel.AbstractChannelHandlerContext.invokeUserEventTriggered(AbstractChannelHandlerContext.java:315) [netty-all-4.1.22.Final.jar:4.1.22.Final]
	at io.netty.channel.AbstractChannelHandlerContext.fireUserEventTriggered(AbstractChannelHandlerContext.java:307) [netty-all-4.1.22.Final.jar:4.1.22.Final]
	at com.anla.client.handler.ClientInitHandler.channelActive(ClientInitHandler.java:20) [classes/:?]
	at io.netty.channel.AbstractChannelHandlerContext.invokeChannelActive(AbstractChannelHandlerContext.java:213) [netty-all-4.1.22.Final.jar:4.1.22.Final]
	at io.netty.channel.AbstractChannelHandlerContext.invokeChannelActive(AbstractChannelHandlerContext.java:199) [netty-all-4.1.22.Final.jar:4.1.22.Final]
	at io.netty.channel.AbstractChannelHandlerContext.fireChannelActive(AbstractChannelHandlerContext.java:192) [netty-all-4.1.22.Final.jar:4.1.22.Final]
	at io.netty.channel.ChannelInboundHandlerAdapter.channelActive(ChannelInboundHandlerAdapter.java:64) [netty-all-4.1.22.Final.jar:4.1.22.Final]
	at io.netty.channel.AbstractChannelHandlerContext.invokeChannelActive(AbstractChannelHandlerContext.java:213) [netty-all-4.1.22.Final.jar:4.1.22.Final]
	at io.netty.channel.AbstractChannelHandlerContext.invokeChannelActive(AbstractChannelHandlerContext.java:199) [netty-all-4.1.22.Final.jar:4.1.22.Final]
	at io.netty.channel.AbstractChannelHandlerContext.fireChannelActive(AbstractChannelHandlerContext.java:192) [netty-all-4.1.22.Final.jar:4.1.22.Final]
	at io.netty.channel.DefaultChannelPipeline$HeadContext.channelActive(DefaultChannelPipeline.java:1402) [netty-all-4.1.22.Final.jar:4.1.22.Final]
	at io.netty.channel.AbstractChannelHandlerContext.invokeChannelActive(AbstractChannelHandlerContext.java:213) [netty-all-4.1.22.Final.jar:4.1.22.Final]
	at io.netty.channel.AbstractChannelHandlerContext.invokeChannelActive(AbstractChannelHandlerContext.java:199) [netty-all-4.1.22.Final.jar:4.1.22.Final]
	at io.netty.channel.DefaultChannelPipeline.fireChannelActive(DefaultChannelPipeline.java:921) [netty-all-4.1.22.Final.jar:4.1.22.Final]
	at io.netty.channel.nio.AbstractNioChannel$AbstractNioUnsafe.fulfillConnectPromise(AbstractNioChannel.java:311) [netty-all-4.1.22.Final.jar:4.1.22.Final]
	at io.netty.channel.nio.AbstractNioChannel$AbstractNioUnsafe.finishConnect(AbstractNioChannel.java:341) [netty-all-4.1.22.Final.jar:4.1.22.Final]
	at io.netty.channel.nio.NioEventLoop.processSelectedKey(NioEventLoop.java:633) [netty-all-4.1.22.Final.jar:4.1.22.Final]
	at io.netty.channel.nio.NioEventLoop.processSelectedKeysOptimized(NioEventLoop.java:580) [netty-all-4.1.22.Final.jar:4.1.22.Final]
	at io.netty.channel.nio.NioEventLoop.processSelectedKeys(NioEventLoop.java:497) [netty-all-4.1.22.Final.jar:4.1.22.Final]
	at io.netty.channel.nio.NioEventLoop.run(NioEventLoop.java:459) [netty-all-4.1.22.Final.jar:4.1.22.Final]
	at io.netty.util.concurrent.SingleThreadEventExecutor$5.run(SingleThreadEventExecutor.java:886) [netty-all-4.1.22.Final.jar:4.1.22.Final]
	at java.lang.Thread.run(Thread.java:748) [?:1.8.0_162]
2018-11-10 23:59:00.840 [clientGroup_0] ERROR TriggerHandler.exceptionCaught(TriggerHandler.java:30) - happen unknow exception. 
java.util.NoSuchElementException: TriggerEvent
	at io.netty.channel.DefaultChannelPipeline.getContextOrDie(DefaultChannelPipeline.java:1099) ~[netty-all-4.1.22.Final.jar:4.1.22.Final]
	at io.netty.channel.DefaultChannelPipeline.addBefore(DefaultChannelPipeline.java:260) ~[netty-all-4.1.22.Final.jar:4.1.22.Final]
	at io.netty.channel.DefaultChannelPipeline.addBefore(DefaultChannelPipeline.java:249) ~[netty-all-4.1.22.Final.jar:4.1.22.Final]
	at com.anla.client.event.TriggerEvent$1.trigger0(TriggerEvent.java:23) ~[classes/:?]
	at com.anla.client.event.TriggerEvent.trigger(TriggerEvent.java:73) ~[classes/:?]
	at com.anla.client.handler.TriggerHandler.userEventTriggered(TriggerHandler.java:22) ~[classes/:?]
	at io.netty.channel.AbstractChannelHandlerContext.invokeUserEventTriggered(AbstractChannelHandlerContext.java:329) [netty-all-4.1.22.Final.jar:4.1.22.Final]
	at io.netty.channel.AbstractChannelHandlerContext.invokeUserEventTriggered(AbstractChannelHandlerContext.java:315) [netty-all-4.1.22.Final.jar:4.1.22.Final]
	at io.netty.channel.AbstractChannelHandlerContext.fireUserEventTriggered(AbstractChannelHandlerContext.java:307) [netty-all-4.1.22.Final.jar:4.1.22.Final]
	at com.anla.client.handler.ClientInitHandler.channelActive(ClientInitHandler.java:20) [classes/:?]
	at io.netty.channel.AbstractChannelHandlerContext.invokeChannelActive(AbstractChannelHandlerContext.java:213) [netty-all-4.1.22.Final.jar:4.1.22.Final]
	at io.netty.channel.AbstractChannelHandlerContext.invokeChannelActive(AbstractChannelHandlerContext.java:199) [netty-all-4.1.22.Final.jar:4.1.22.Final]
	at io.netty.channel.AbstractChannelHandlerContext.fireChannelActive(AbstractChannelHandlerContext.java:192) [netty-all-4.1.22.Final.jar:4.1.22.Final]
	at io.netty.channel.ChannelInboundHandlerAdapter.channelActive(ChannelInboundHandlerAdapter.java:64) [netty-all-4.1.22.Final.jar:4.1.22.Final]
	at io.netty.channel.AbstractChannelHandlerContext.invokeChannelActive(AbstractChannelHandlerContext.java:213) [netty-all-4.1.22.Final.jar:4.1.22.Final]
	at io.netty.channel.AbstractChannelHandlerContext.invokeChannelActive(AbstractChannelHandlerContext.java:199) [netty-all-4.1.22.Final.jar:4.1.22.Final]
	at io.netty.channel.AbstractChannelHandlerContext.fireChannelActive(AbstractChannelHandlerContext.java:192) [netty-all-4.1.22.Final.jar:4.1.22.Final]
	at io.netty.channel.DefaultChannelPipeline$HeadContext.channelActive(DefaultChannelPipeline.java:1402) [netty-all-4.1.22.Final.jar:4.1.22.Final]
	at io.netty.channel.AbstractChannelHandlerContext.invokeChannelActive(AbstractChannelHandlerContext.java:213) [netty-all-4.1.22.Final.jar:4.1.22.Final]
	at io.netty.channel.AbstractChannelHandlerContext.invokeChannelActive(AbstractChannelHandlerContext.java:199) [netty-all-4.1.22.Final.jar:4.1.22.Final]
	at io.netty.channel.DefaultChannelPipeline.fireChannelActive(DefaultChannelPipeline.java:921) [netty-all-4.1.22.Final.jar:4.1.22.Final]
	at io.netty.channel.nio.AbstractNioChannel$AbstractNioUnsafe.fulfillConnectPromise(AbstractNioChannel.java:311) [netty-all-4.1.22.Final.jar:4.1.22.Final]
	at io.netty.channel.nio.AbstractNioChannel$AbstractNioUnsafe.finishConnect(AbstractNioChannel.java:341) [netty-all-4.1.22.Final.jar:4.1.22.Final]
	at io.netty.channel.nio.NioEventLoop.processSelectedKey(NioEventLoop.java:633) [netty-all-4.1.22.Final.jar:4.1.22.Final]
	at io.netty.channel.nio.NioEventLoop.processSelectedKeysOptimized(NioEventLoop.java:580) [netty-all-4.1.22.Final.jar:4.1.22.Final]
	at io.netty.channel.nio.NioEventLoop.processSelectedKeys(NioEventLoop.java:497) [netty-all-4.1.22.Final.jar:4.1.22.Final]
	at io.netty.channel.nio.NioEventLoop.run(NioEventLoop.java:459) [netty-all-4.1.22.Final.jar:4.1.22.Final]
	at io.netty.util.concurrent.SingleThreadEventExecutor$5.run(SingleThreadEventExecutor.java:886) [netty-all-4.1.22.Final.jar:4.1.22.Final]
	at java.lang.Thread.run(Thread.java:748) [?:1.8.0_162]
2018-11-10 23:59:05.833 [sparrow_0] WARN  HeartBeatServerHandler.userEventTriggered(HeartBeatServerHandler.java:33) - heartbeat timeout. lossCount 1
2018-11-10 23:59:10.935 [sparrow_0] WARN  HeartBeatServerHandler.userEventTriggered(HeartBeatServerHandler.java:33) - heartbeat timeout. lossCount 2
2018-11-10 23:59:15.938 [sparrow_0] WARN  HeartBeatServerHandler.userEventTriggered(HeartBeatServerHandler.java:33) - heartbeat timeout. lossCount 3
2018-11-10 23:59:20.940 [sparrow_0] WARN  HeartBeatServerHandler.userEventTriggered(HeartBeatServerHandler.java:33) - heartbeat timeout. lossCount 4
2018-11-10 23:59:25.942 [sparrow_0] WARN  HeartBeatServerHandler.userEventTriggered(HeartBeatServerHandler.java:33) - heartbeat timeout. lossCount 5
2018-11-10 23:59:30.945 [sparrow_0] WARN  HeartBeatServerHandler.userEventTriggered(HeartBeatServerHandler.java:33) - heartbeat timeout. lossCount 6
2018-11-10 23:59:35.851 [sparrow_0] ERROR HeartBeatServerHandler.userEventTriggered(HeartBeatServerHandler.java:29) - heartbeat timeout. close channel /127.0.0.1:39080
2018-11-11 00:14:39.533 [clientGroup_0] ERROR TriggerHandler.exceptionCaught(TriggerHandler.java:30) - happen unknow exception. 
java.util.NoSuchElementException: TriggerEvent
	at io.netty.channel.DefaultChannelPipeline.getContextOrDie(DefaultChannelPipeline.java:1099) ~[netty-all-4.1.22.Final.jar:4.1.22.Final]
	at io.netty.channel.DefaultChannelPipeline.addBefore(DefaultChannelPipeline.java:260) ~[netty-all-4.1.22.Final.jar:4.1.22.Final]
	at io.netty.channel.DefaultChannelPipeline.addBefore(DefaultChannelPipeline.java:249) ~[netty-all-4.1.22.Final.jar:4.1.22.Final]
	at com.anla.client.event.TriggerEvent$1.trigger0(TriggerEvent.java:23) ~[classes/:?]
	at com.anla.client.event.TriggerEvent.trigger(TriggerEvent.java:73) ~[classes/:?]
	at com.anla.client.handler.TriggerHandler.userEventTriggered(TriggerHandler.java:22) ~[classes/:?]
	at io.netty.channel.AbstractChannelHandlerContext.invokeUserEventTriggered(AbstractChannelHandlerContext.java:329) [netty-all-4.1.22.Final.jar:4.1.22.Final]
	at io.netty.channel.AbstractChannelHandlerContext.invokeUserEventTriggered(AbstractChannelHandlerContext.java:315) [netty-all-4.1.22.Final.jar:4.1.22.Final]
	at io.netty.channel.AbstractChannelHandlerContext.fireUserEventTriggered(AbstractChannelHandlerContext.java:307) [netty-all-4.1.22.Final.jar:4.1.22.Final]
	at com.anla.client.handler.ClientInitHandler.channelActive(ClientInitHandler.java:20) [classes/:?]
	at io.netty.channel.AbstractChannelHandlerContext.invokeChannelActive(AbstractChannelHandlerContext.java:213) [netty-all-4.1.22.Final.jar:4.1.22.Final]
	at io.netty.channel.AbstractChannelHandlerContext.invokeChannelActive(AbstractChannelHandlerContext.java:199) [netty-all-4.1.22.Final.jar:4.1.22.Final]
	at io.netty.channel.AbstractChannelHandlerContext.fireChannelActive(AbstractChannelHandlerContext.java:192) [netty-all-4.1.22.Final.jar:4.1.22.Final]
	at io.netty.channel.ChannelInboundHandlerAdapter.channelActive(ChannelInboundHandlerAdapter.java:64) [netty-all-4.1.22.Final.jar:4.1.22.Final]
	at io.netty.channel.AbstractChannelHandlerContext.invokeChannelActive(AbstractChannelHandlerContext.java:213) [netty-all-4.1.22.Final.jar:4.1.22.Final]
	at io.netty.channel.AbstractChannelHandlerContext.invokeChannelActive(AbstractChannelHandlerContext.java:199) [netty-all-4.1.22.Final.jar:4.1.22.Final]
	at io.netty.channel.AbstractChannelHandlerContext.fireChannelActive(AbstractChannelHandlerContext.java:192) [netty-all-4.1.22.Final.jar:4.1.22.Final]
	at io.netty.channel.DefaultChannelPipeline$HeadContext.channelActive(DefaultChannelPipeline.java:1402) [netty-all-4.1.22.Final.jar:4.1.22.Final]
	at io.netty.channel.AbstractChannelHandlerContext.invokeChannelActive(AbstractChannelHandlerContext.java:213) [netty-all-4.1.22.Final.jar:4.1.22.Final]
	at io.netty.channel.AbstractChannelHandlerContext.invokeChannelActive(AbstractChannelHandlerContext.java:199) [netty-all-4.1.22.Final.jar:4.1.22.Final]
	at io.netty.channel.DefaultChannelPipeline.fireChannelActive(DefaultChannelPipeline.java:921) [netty-all-4.1.22.Final.jar:4.1.22.Final]
	at io.netty.channel.nio.AbstractNioChannel$AbstractNioUnsafe.fulfillConnectPromise(AbstractNioChannel.java:311) [netty-all-4.1.22.Final.jar:4.1.22.Final]
	at io.netty.channel.nio.AbstractNioChannel$AbstractNioUnsafe.finishConnect(AbstractNioChannel.java:341) [netty-all-4.1.22.Final.jar:4.1.22.Final]
	at io.netty.channel.nio.NioEventLoop.processSelectedKey(NioEventLoop.java:633) [netty-all-4.1.22.Final.jar:4.1.22.Final]
	at io.netty.channel.nio.NioEventLoop.processSelectedKeysOptimized(NioEventLoop.java:580) [netty-all-4.1.22.Final.jar:4.1.22.Final]
	at io.netty.channel.nio.NioEventLoop.processSelectedKeys(NioEventLoop.java:497) [netty-all-4.1.22.Final.jar:4.1.22.Final]
	at io.netty.channel.nio.NioEventLoop.run(NioEventLoop.java:459) [netty-all-4.1.22.Final.jar:4.1.22.Final]
	at io.netty.util.concurrent.SingleThreadEventExecutor$5.run(SingleThreadEventExecutor.java:886) [netty-all-4.1.22.Final.jar:4.1.22.Final]
	at java.lang.Thread.run(Thread.java:748) [?:1.8.0_162]
2018-11-11 00:14:44.542 [sparrow_0] WARN  HeartBeatServerHandler.userEventTriggered(HeartBeatServerHandler.java:33) - heartbeat timeout. lossCount 1
2018-11-11 00:14:49.598 [sparrow_0] WARN  HeartBeatServerHandler.userEventTriggered(HeartBeatServerHandler.java:33) - heartbeat timeout. lossCount 2
2018-11-11 00:14:54.600 [sparrow_0] WARN  HeartBeatServerHandler.userEventTriggered(HeartBeatServerHandler.java:33) - heartbeat timeout. lossCount 3
2018-11-11 00:14:59.603 [sparrow_0] WARN  HeartBeatServerHandler.userEventTriggered(HeartBeatServerHandler.java:33) - heartbeat timeout. lossCount 4
2018-11-11 00:15:22.802 [sparrow_0] WARN  HeartBeatServerHandler.userEventTriggered(HeartBeatServerHandler.java:33) - heartbeat timeout. lossCount 1
2018-11-11 00:15:27.315 [clientGroup_0] ERROR TriggerHandler.exceptionCaught(TriggerHandler.java:30) - happen unknow exception. 
java.lang.IllegalArgumentException: Duplicate handler name: RandomCodeHandler
	at io.netty.channel.DefaultChannelPipeline.checkDuplicateName(DefaultChannelPipeline.java:1081) ~[netty-all-4.1.22.Final.jar:4.1.22.Final]
	at io.netty.channel.DefaultChannelPipeline.filterName(DefaultChannelPipeline.java:302) ~[netty-all-4.1.22.Final.jar:4.1.22.Final]
	at io.netty.channel.DefaultChannelPipeline.addBefore(DefaultChannelPipeline.java:259) ~[netty-all-4.1.22.Final.jar:4.1.22.Final]
	at io.netty.channel.DefaultChannelPipeline.addBefore(DefaultChannelPipeline.java:249) ~[netty-all-4.1.22.Final.jar:4.1.22.Final]
	at com.anla.client.handler.RandomCodeHandler.launch(RandomCodeHandler.java:26) ~[classes/:?]
	at com.anla.client.event.TriggerEvent.trigger(TriggerEvent.java:73) ~[classes/:?]
	at com.anla.client.handler.TriggerHandler.userEventTriggered(TriggerHandler.java:22) ~[classes/:?]
	at io.netty.channel.AbstractChannelHandlerContext.invokeUserEventTriggered(AbstractChannelHandlerContext.java:329) [netty-all-4.1.22.Final.jar:4.1.22.Final]
	at io.netty.channel.AbstractChannelHandlerContext.invokeUserEventTriggered(AbstractChannelHandlerContext.java:315) [netty-all-4.1.22.Final.jar:4.1.22.Final]
	at io.netty.channel.AbstractChannelHandlerContext.fireUserEventTriggered(AbstractChannelHandlerContext.java:307) [netty-all-4.1.22.Final.jar:4.1.22.Final]
	at com.anla.client.handler.SymEncryptionHandler.channelRead(SymEncryptionHandler.java:34) [classes/:?]
	at io.netty.channel.AbstractChannelHandlerContext.invokeChannelRead(AbstractChannelHandlerContext.java:362) [netty-all-4.1.22.Final.jar:4.1.22.Final]
	at io.netty.channel.AbstractChannelHandlerContext.invokeChannelRead(AbstractChannelHandlerContext.java:348) [netty-all-4.1.22.Final.jar:4.1.22.Final]
	at io.netty.channel.AbstractChannelHandlerContext.fireChannelRead(AbstractChannelHandlerContext.java:340) [netty-all-4.1.22.Final.jar:4.1.22.Final]
	at com.anla.client.handler.SslHandler.channelRead(SslHandler.java:35) [classes/:?]
	at io.netty.channel.AbstractChannelHandlerContext.invokeChannelRead(AbstractChannelHandlerContext.java:362) [netty-all-4.1.22.Final.jar:4.1.22.Final]
	at io.netty.channel.AbstractChannelHandlerContext.invokeChannelRead(AbstractChannelHandlerContext.java:348) [netty-all-4.1.22.Final.jar:4.1.22.Final]
	at io.netty.channel.AbstractChannelHandlerContext.fireChannelRead(AbstractChannelHandlerContext.java:340) [netty-all-4.1.22.Final.jar:4.1.22.Final]
	at io.netty.channel.ChannelInboundHandlerAdapter.channelRead(ChannelInboundHandlerAdapter.java:86) [netty-all-4.1.22.Final.jar:4.1.22.Final]
	at io.netty.channel.AbstractChannelHandlerContext.invokeChannelRead(AbstractChannelHandlerContext.java:362) [netty-all-4.1.22.Final.jar:4.1.22.Final]
	at io.netty.channel.AbstractChannelHandlerContext.invokeChannelRead(AbstractChannelHandlerContext.java:348) [netty-all-4.1.22.Final.jar:4.1.22.Final]
	at io.netty.channel.AbstractChannelHandlerContext.fireChannelRead(AbstractChannelHandlerContext.java:340) [netty-all-4.1.22.Final.jar:4.1.22.Final]
	at io.netty.handler.codec.ByteToMessageDecoder.fireChannelRead(ByteToMessageDecoder.java:310) [netty-all-4.1.22.Final.jar:4.1.22.Final]
	at io.netty.handler.codec.ByteToMessageDecoder.channelRead(ByteToMessageDecoder.java:284) [netty-all-4.1.22.Final.jar:4.1.22.Final]
	at io.netty.channel.AbstractChannelHandlerContext.invokeChannelRead(AbstractChannelHandlerContext.java:362) [netty-all-4.1.22.Final.jar:4.1.22.Final]
	at io.netty.channel.AbstractChannelHandlerContext.invokeChannelRead(AbstractChannelHandlerContext.java:348) [netty-all-4.1.22.Final.jar:4.1.22.Final]
	at io.netty.channel.AbstractChannelHandlerContext.fireChannelRead(AbstractChannelHandlerContext.java:340) [netty-all-4.1.22.Final.jar:4.1.22.Final]
	at io.netty.channel.DefaultChannelPipeline$HeadContext.channelRead(DefaultChannelPipeline.java:1414) [netty-all-4.1.22.Final.jar:4.1.22.Final]
	at io.netty.channel.AbstractChannelHandlerContext.invokeChannelRead(AbstractChannelHandlerContext.java:362) [netty-all-4.1.22.Final.jar:4.1.22.Final]
	at io.netty.channel.AbstractChannelHandlerContext.invokeChannelRead(AbstractChannelHandlerContext.java:348) [netty-all-4.1.22.Final.jar:4.1.22.Final]
	at io.netty.channel.DefaultChannelPipeline.fireChannelRead(DefaultChannelPipeline.java:945) [netty-all-4.1.22.Final.jar:4.1.22.Final]
	at io.netty.channel.nio.AbstractNioByteChannel$NioByteUnsafe.read(AbstractNioByteChannel.java:146) [netty-all-4.1.22.Final.jar:4.1.22.Final]
	at io.netty.channel.nio.NioEventLoop.processSelectedKey(NioEventLoop.java:645) [netty-all-4.1.22.Final.jar:4.1.22.Final]
	at io.netty.channel.nio.NioEventLoop.processSelectedKeysOptimized(NioEventLoop.java:580) [netty-all-4.1.22.Final.jar:4.1.22.Final]
	at io.netty.channel.nio.NioEventLoop.processSelectedKeys(NioEventLoop.java:497) [netty-all-4.1.22.Final.jar:4.1.22.Final]
	at io.netty.channel.nio.NioEventLoop.run(NioEventLoop.java:459) [netty-all-4.1.22.Final.jar:4.1.22.Final]
	at io.netty.util.concurrent.SingleThreadEventExecutor$5.run(SingleThreadEventExecutor.java:886) [netty-all-4.1.22.Final.jar:4.1.22.Final]
	at java.lang.Thread.run(Thread.java:748) [?:1.8.0_162]
2018-11-11 00:15:32.299 [sparrow_0] WARN  HeartBeatServerHandler.userEventTriggered(HeartBeatServerHandler.java:33) - heartbeat timeout. lossCount 0
2018-11-11 00:15:37.303 [sparrow_0] WARN  HeartBeatServerHandler.userEventTriggered(HeartBeatServerHandler.java:33) - heartbeat timeout. lossCount 1
2018-11-11 00:15:42.308 [sparrow_0] WARN  HeartBeatServerHandler.userEventTriggered(HeartBeatServerHandler.java:33) - heartbeat timeout. lossCount 2
2018-11-11 00:15:47.313 [sparrow_0] WARN  HeartBeatServerHandler.userEventTriggered(HeartBeatServerHandler.java:33) - heartbeat timeout. lossCount 3
2018-11-11 00:15:52.319 [sparrow_0] WARN  HeartBeatServerHandler.userEventTriggered(HeartBeatServerHandler.java:33) - heartbeat timeout. lossCount 4
2018-11-11 00:15:57.324 [sparrow_0] WARN  HeartBeatServerHandler.userEventTriggered(HeartBeatServerHandler.java:33) - heartbeat timeout. lossCount 5
2018-11-11 00:16:02.329 [sparrow_0] WARN  HeartBeatServerHandler.userEventTriggered(HeartBeatServerHandler.java:33) - heartbeat timeout. lossCount 6
2018-11-11 00:16:02.331 [sparrow_0] ERROR HeartBeatServerHandler.userEventTriggered(HeartBeatServerHandler.java:29) - heartbeat timeout. close channel /127.0.0.1:40204
2018-11-11 00:17:39.650 [sparrow_1] WARN  HeartBeatServerHandler.userEventTriggered(HeartBeatServerHandler.java:33) - heartbeat timeout. lossCount 0
2018-11-11 00:17:44.664 [sparrow_1] WARN  HeartBeatServerHandler.userEventTriggered(HeartBeatServerHandler.java:33) - heartbeat timeout. lossCount 1
2018-11-11 00:17:49.666 [sparrow_1] WARN  HeartBeatServerHandler.userEventTriggered(HeartBeatServerHandler.java:33) - heartbeat timeout. lossCount 2
2018-11-11 00:18:07.246 [sparrow_0] WARN  HeartBeatServerHandler.userEventTriggered(HeartBeatServerHandler.java:33) - heartbeat timeout. lossCount 0
2018-11-11 00:18:12.248 [sparrow_0] WARN  HeartBeatServerHandler.userEventTriggered(HeartBeatServerHandler.java:33) - heartbeat timeout. lossCount 1
